SF:lib/features/editor/blur_engine_mvp.dart
DA:28,0
DA:38,0
DA:39,0
DA:40,0
DA:43,0
DA:44,0
DA:50,0
DA:51,0
DA:57,0
DA:58,0
DA:60,0
DA:61,0
DA:63,0
DA:64,0
DA:69,0
DA:78,0
DA:82,0
DA:87,0
DA:88,0
DA:89,0
DA:91,0
DA:92,0
DA:94,0
DA:104,1
DA:109,1
DA:110,1
DA:113,1
DA:114,3
DA:115,2
DA:119,2
DA:120,1
DA:121,2
DA:123,1
DA:124,1
DA:125,1
DA:127,1
DA:129,2
DA:130,5
DA:134,1
DA:135,1
DA:136,1
DA:142,2
DA:143,2
DA:145,3
DA:147,3
DA:154,0
DA:161,1
DA:170,2
DA:175,2
DA:176,1
DA:177,1
DA:178,2
DA:180,2
DA:181,2
DA:182,1
DA:183,1
DA:184,5
DA:186,1
DA:187,3
DA:202,1
DA:210,1
DA:212,3
DA:214,2
DA:215,2
DA:216,2
DA:217,1
DA:218,1
DA:219,1
DA:220,1
DA:221,4
DA:235,0
DA:240,0
DA:241,0
DA:246,0
DA:247,0
DA:249,0
DA:250,0
DA:251,0
DA:253,0
DA:254,0
DA:257,0
DA:262,0
DA:263,0
DA:264,0
DA:266,0
DA:269,0
DA:270,0
DA:273,0
DA:274,0
DA:277,0
DA:280,0
DA:281,0
DA:287,0
DA:288,0
DA:290,0
DA:291,0
DA:294,0
DA:297,0
DA:298,0
DA:301,0
DA:304,0
DA:307,0
DA:314,0
DA:315,0
DA:318,0
DA:324,0
DA:327,0
DA:329,0
DA:330,0
DA:331,0
DA:333,0
DA:334,0
DA:335,0
DA:341,0
DA:346,0
DA:347,0
DA:357,1
DA:369,1
LF:118
LH:48
end_of_record
SF:lib/services/auto_detect_service.dart
DA:16,4
DA:20,4
DA:26,4
DA:28,4
DA:30,2
DA:34,2
DA:37,4
DA:41,3
DA:42,4
DA:44,3
DA:45,0
DA:47,3
DA:48,3
DA:49,3
DA:50,1
DA:51,1
DA:54,0
DA:56,0
DA:61,4
DA:62,4
DA:65,8
DA:66,4
DA:68,0
DA:73,3
DA:74,3
DA:75,6
DA:76,6
DA:78,9
DA:80,3
DA:81,3
DA:82,3
DA:88,12
DA:89,1
DA:90,1
DA:91,3
DA:92,1
DA:93,1
DA:96,1
DA:97,1
DA:98,3
DA:99,1
DA:100,1
DA:108,1
DA:109,1
DA:110,5
DA:114,4
DA:117,4
DA:120,12
DA:122,8
DA:123,8
DA:124,8
DA:125,8
DA:127,12
DA:128,12
DA:129,8
DA:130,8
DA:131,12
DA:132,4
DA:134,4
DA:138,8
DA:141,9
DA:143,1
DA:144,2
LF:63
LH:59
end_of_record
SF:lib/features/editor/blur_pipeline.dart
DA:15,5
DA:22,5
DA:26,3
DA:34,3
DA:37,3
DA:38,3
DA:40,3
DA:41,3
DA:43,3
DA:44,3
DA:50,3
DA:51,3
DA:54,6
DA:61,3
DA:67,1
DA:71,9
DA:73,6
DA:74,6
DA:75,3
DA:84,2
DA:86,1
DA:87,4
DA:90,1
DA:91,2
DA:92,1
DA:95,3
DA:96,3
DA:98,2
DA:99,3
DA:102,1
DA:106,3
DA:108,3
DA:109,3
DA:110,3
DA:111,3
DA:112,3
DA:117,1
DA:118,1
DA:119,1
DA:122,1
DA:126,3
DA:127,3
DA:132,3
DA:134,3
DA:137,3
DA:139,6
DA:140,9
DA:141,9
DA:143,3
DA:149,3
DA:151,3
DA:152,3
DA:157,3
DA:159,3
DA:160,3
DA:162,9
DA:163,9
DA:167,15
DA:168,15
DA:169,9
DA:172,6
DA:173,6
DA:174,6
DA:175,3
DA:176,3
DA:177,3
DA:178,3
DA:182,3
DA:183,3
DA:184,3
DA:185,3
DA:188,3
DA:191,15
DA:192,15
DA:193,9
LF:75
LH:75
end_of_record
SF:lib/services/image_saver_service.dart
DA:32,1
DA:39,1
DA:41,2
DA:43,2
DA:49,1
DA:56,0
DA:62,0
DA:63,0
DA:69,0
DA:70,0
DA:71,0
DA:72,0
DA:75,0
DA:76,0
DA:78,0
DA:88,0
DA:93,0
DA:95,0
DA:98,0
DA:101,0
DA:108,0
DA:109,0
DA:113,0
DA:115,0
DA:118,0
DA:119,0
DA:121,0
DA:127,0
DA:135,1
DA:144,1
DA:145,1
DA:146,0
DA:147,0
DA:149,0
DA:151,2
DA:152,1
DA:155,1
DA:166,0
DA:167,0
DA:168,0
DA:170,0
DA:171,0
DA:172,0
DA:173,0
DA:177,0
DA:178,0
DA:180,0
DA:183,0
DA:189,1
DA:194,2
DA:195,1
DA:197,1
DA:198,3
DA:199,1
DA:200,1
DA:204,0
DA:206,0
DA:207,0
DA:209,0
DA:220,2
DA:222,2
DA:223,2
DA:224,0
DA:227,0
DA:228,0
DA:229,0
DA:230,0
DA:231,0
DA:233,0
DA:234,0
DA:236,0
DA:241,0
DA:243,6
DA:248,0
DA:250,0
DA:251,0
DA:252,0
DA:255,0
DA:256,0
DA:257,0
DA:258,0
DA:259,0
DA:261,0
DA:262,0
DA:271,0
DA:278,0
DA:279,0
DA:281,0
DA:282,0
DA:283,0
DA:284,0
DA:288,1
DA:295,1
DA:298,1
DA:305,1
LF:95
LH:26
end_of_record
SF:lib/services/gallery_provider.dart
DA:22,0
DA:27,2
DA:29,1
DA:33,1
DA:34,1
DA:40,1
DA:43,1
DA:44,1
DA:45,0
DA:51,0
DA:53,0
DA:54,0
DA:57,2
DA:60,2
DA:61,2
DA:64,1
DA:66,1
DA:67,1
DA:71,1
DA:73,1
DA:76,2
DA:78,2
LF:22
LH:17
end_of_record
SF:lib/features/home/home_screen.dart
DA:12,1
DA:14,1
DA:15,1
DA:22,1
DA:24,1
DA:25,1
DA:27,1
DA:28,1
DA:29,1
DA:31,1
DA:32,1
DA:33,1
DA:35,2
DA:39,1
DA:41,1
DA:45,1
DA:46,1
DA:48,1
DA:51,1
DA:52,1
DA:54,1
DA:56,1
DA:62,1
DA:63,2
DA:64,1
DA:66,1
DA:67,1
DA:68,2
DA:70,1
DA:72,3
DA:73,2
DA:78,1
DA:80,3
DA:81,2
DA:89,1
DA:90,1
DA:91,1
DA:92,1
DA:95,2
DA:98,1
DA:101,0
DA:107,1
DA:112,2
DA:114,1
DA:117,1
DA:119,1
DA:120,1
DA:122,3
DA:126,1
DA:127,2
DA:128,2
DA:129,1
DA:130,1
DA:137,1
DA:138,2
DA:139,1
DA:141,1
DA:143,1
DA:144,2
DA:145,1
DA:146,3
DA:148,1
DA:149,1
DA:150,1
DA:152,1
DA:156,1
DA:157,1
DA:159,3
DA:160,1
DA:169,1
DA:170,3
DA:173,2
DA:176,0
DA:178,0
DA:179,0
DA:183,0
DA:184,0
DA:189,0
DA:190,0
DA:193,0
DA:196,0
DA:198,0
DA:199,0
DA:203,0
DA:204,0
DA:209,0
DA:210,0
DA:211,0
DA:212,0
DA:215,1
DA:216,3
DA:217,2
LF:92
LH:74
end_of_record
SF:lib/core/utils/color_utils.dart
DA:6,2
DA:8,8
DA:12,2
LF:3
LH:3
end_of_record
SF:lib/features/editor/editor_screen.dart
DA:15,1
DA:17,0
DA:18,0
DA:34,0
DA:35,0
DA:36,0
DA:37,0
DA:39,0
DA:40,0
DA:41,0
DA:42,0
DA:45,0
DA:48,0
DA:49,0
DA:50,0
DA:53,0
DA:57,0
DA:58,0
DA:59,0
DA:62,0
DA:64,0
DA:65,0
DA:66,0
DA:70,0
DA:71,0
DA:72,0
DA:73,0
DA:76,0
DA:80,0
DA:81,0
DA:82,0
DA:85,0
DA:89,0
DA:92,0
DA:94,0
DA:95,0
DA:101,0
DA:103,0
DA:104,0
DA:105,0
DA:109,0
DA:113,0
DA:114,0
DA:115,0
DA:116,0
DA:117,0
DA:118,0
DA:119,0
DA:124,0
DA:125,0
DA:126,0
DA:129,0
DA:130,0
DA:131,0
DA:132,0
DA:136,0
DA:137,0
DA:146,0
DA:147,0
DA:150,0
DA:151,0
DA:159,0
DA:160,0
DA:161,0
DA:162,0
DA:165,0
DA:169,0
DA:170,0
DA:171,0
DA:174,0
DA:175,0
DA:176,0
DA:177,0
DA:180,0
DA:181,0
DA:182,0
DA:183,0
DA:184,0
DA:190,0
DA:199,0
DA:200,0
DA:201,0
DA:202,0
DA:205,0
DA:209,0
DA:211,0
DA:212,0
DA:214,0
DA:215,0
DA:218,0
DA:219,0
DA:221,0
DA:222,0
DA:223,0
DA:228,0
DA:229,0
DA:231,0
DA:238,0
DA:240,0
DA:241,0
DA:244,0
DA:247,0
DA:250,0
DA:258,0
DA:259,0
DA:261,0
DA:262,0
DA:263,0
DA:264,0
DA:265,0
DA:266,0
DA:267,0
DA:270,0
DA:273,0
DA:275,0
DA:276,0
DA:277,0
DA:278,0
DA:280,0
DA:281,0
DA:283,0
DA:284,0
DA:286,0
DA:287,0
DA:288,0
DA:289,0
DA:290,0
DA:291,0
DA:297,0
DA:298,0
DA:303,0
DA:304,0
DA:307,0
DA:308,0
DA:309,0
DA:312,0
DA:315,0
DA:318,0
DA:321,0
DA:324,0
DA:331,0
DA:332,0
DA:336,0
DA:337,0
DA:339,0
DA:341,0
DA:343,0
DA:344,0
DA:345,0
DA:346,0
DA:347,0
DA:348,0
DA:349,0
DA:352,0
DA:355,0
DA:356,0
DA:357,0
DA:360,0
DA:363,0
DA:364,0
DA:365,0
DA:368,0
DA:369,0
DA:384,0
DA:385,0
DA:386,0
DA:389,0
DA:391,0
DA:394,0
DA:396,0
DA:399,0
DA:402,0
DA:403,0
DA:404,0
DA:407,0
DA:408,0
DA:409,0
DA:412,0
DA:414,0
DA:417,0
DA:419,0
DA:422,0
DA:425,0
DA:426,0
DA:427,0
DA:431,0
DA:434,0
DA:435,0
DA:436,0
DA:450,0
DA:452,0
DA:454,0
DA:455,0
DA:456,0
DA:458,0
DA:459,0
DA:460,0
DA:461,0
DA:463,0
DA:464,0
DA:465,0
DA:466,0
DA:467,0
DA:469,0
DA:474,0
LF:205
LH:1
end_of_record
SF:lib/features/editor/painter_mask.dart
DA:9,0
DA:10,0
DA:11,0
DA:16,0
DA:19,0
DA:20,0
DA:21,0
DA:22,0
DA:26,0
DA:27,0
DA:28,0
DA:29,0
DA:30,0
DA:34,0
DA:35,0
DA:36,0
DA:37,0
DA:44,0
DA:47,0
DA:48,0
DA:49,0
DA:50,0
DA:54,0
DA:55,0
DA:56,0
DA:60,0
DA:64,0
DA:65,0
DA:66,0
DA:72,0
DA:85,0
LF:31
LH:0
end_of_record
SF:lib/services/image_picker_service.dart
DA:10,3
DA:11,2
DA:12,1
DA:17,1
DA:20,1
DA:22,0
DA:26,0
DA:35,0
DA:37,0
DA:43,0
DA:46,0
DA:48,0
DA:52,0
DA:61,0
DA:63,0
DA:69,1
DA:70,1
DA:72,0
DA:76,0
DA:77,0
DA:78,0
DA:86,0
DA:90,0
DA:92,0
DA:93,0
DA:94,0
DA:98,0
DA:99,0
DA:100,0
DA:103,0
DA:104,0
DA:105,0
DA:106,0
LF:33
LH:7
end_of_record
SF:lib/settings/privacy_settings_screen.dart
DA:6,1
DA:8,2
DA:9,2
DA:16,2
DA:18,2
DA:20,2
DA:21,2
DA:23,4
DA:25,2
DA:27,2
DA:29,2
DA:30,2
DA:32,2
DA:34,2
DA:41,2
DA:42,2
DA:44,2
DA:45,2
DA:47,6
DA:48,4
DA:53,2
DA:55,2
DA:56,6
DA:57,2
DA:58,2
DA:59,6
DA:62,2
DA:63,2
DA:64,2
DA:65,2
DA:66,2
DA:68,4
DA:72,2
DA:73,2
DA:75,6
DA:83,2
DA:88,6
DA:89,4
DA:96,2
DA:98,2
DA:99,0
DA:100,0
DA:111,2
DA:112,2
DA:114,2
DA:115,2
DA:117,6
DA:118,4
DA:123,2
DA:127,2
DA:134,4
DA:137,2
DA:144,2
DA:150,2
DA:151,2
DA:153,2
DA:154,2
DA:156,6
DA:157,4
DA:168,2
DA:173,0
DA:179,1
DA:180,3
DA:183,1
DA:185,1
DA:186,3
DA:194,0
DA:195,0
DA:196,0
DA:197,0
DA:200,1
DA:201,3
DA:206,1
DA:207,1
DA:208,1
DA:209,2
DA:217,1
DA:218,1
DA:219,3
DA:227,0
DA:228,0
DA:229,0
DA:230,0
DA:245,0
DA:246,0
DA:247,0
LF:86
LH:72
end_of_record
SF:lib/native/hybrid_blur_bindings.dart
DA:20,1
DA:26,1
DA:30,0
DA:32,2
DA:37,0
DA:44,2
DA:46,2
DA:49,3
DA:50,1
DA:55,1
DA:61,1
DA:64,1
DA:67,0
DA:68,0
DA:69,0
DA:74,1
DA:78,1
DA:80,1
DA:84,2
DA:85,1
DA:89,0
DA:95,0
DA:100,0
DA:102,0
DA:106,0
DA:112,0
DA:114,0
DA:119,0
DA:125,0
DA:131,1
DA:133,1
DA:136,0
DA:142,1
DA:144,1
DA:147,0
DA:153,1
DA:159,1
DA:161,1
DA:165,0
DA:171,1
DA:179,2
DA:187,0
DA:193,1
DA:199,1
DA:201,1
DA:214,0
DA:223,0
DA:232,0
DA:238,0
DA:245,0
DA:253,0
DA:259,0
DA:266,0
DA:274,0
DA:280,0
DA:288,0
DA:296,0
DA:302,0
DA:317,0
DA:325,0
DA:326,0
DA:332,0
DA:339,0
DA:340,0
DA:345,0
DA:352,0
DA:353,0
DA:358,0
DA:365,0
DA:366,0
DA:372,0
DA:378,2
DA:380,2
DA:383,2
DA:385,0
DA:394,1
DA:402,1
DA:403,0
DA:409,0
DA:415,2
DA:416,1
DA:425,0
DA:431,0
DA:433,0
DA:435,0
DA:438,0
DA:442,0
DA:448,0
DA:449,0
DA:458,1
DA:459,1
DA:460,1
DA:461,1
DA:462,1
DA:464,1
DA:468,0
DA:480,1
DA:487,1
DA:488,1
DA:490,1
DA:491,1
DA:494,0
DA:495,0
DA:497,0
DA:498,0
DA:500,0
DA:501,0
DA:503,0
DA:504,0
DA:505,0
DA:507,1
DA:508,1
DA:509,0
DA:511,0
DA:513,0
LF:115
LH:47
end_of_record
SF:lib/features/home/home_screen_mvp.dart
DA:15,1
DA:17,3
DA:18,3
DA:25,1
DA:27,2
DA:35,0
DA:37,0
DA:38,0
DA:39,0
DA:40,0
DA:42,0
DA:49,0
DA:50,0
DA:51,0
DA:52,0
DA:53,0
DA:58,3
DA:60,3
DA:62,3
DA:65,3
DA:66,3
DA:68,1
DA:69,2
DA:70,1
DA:71,1
DA:78,3
DA:79,3
DA:81,3
DA:84,3
DA:110,3
DA:113,3
DA:118,2
DA:124,3
DA:127,3
DA:132,0
DA:138,3
DA:140,3
DA:141,3
DA:142,3
LF:39
LH:27
end_of_record
SF:lib/features/editor/editor_screen_mvp.dart
DA:25,0
DA:27,0
DA:28,0
DA:53,0
DA:55,0
DA:56,0
DA:59,0
DA:61,0
DA:62,0
DA:63,0
DA:66,0
DA:68,0
DA:69,0
DA:70,0
DA:72,0
DA:73,0
DA:76,0
DA:77,0
DA:79,0
DA:80,0
DA:81,0
DA:82,0
DA:83,0
DA:88,0
DA:89,0
DA:91,0
DA:92,0
DA:97,0
DA:100,0
DA:104,0
DA:105,0
DA:107,0
DA:108,0
DA:114,0
DA:115,0
DA:116,0
DA:118,0
DA:119,0
DA:120,0
DA:124,0
DA:126,0
DA:127,0
DA:132,0
DA:133,0
DA:135,0
DA:136,0
DA:141,0
DA:142,0
DA:143,0
DA:145,0
DA:159,0
DA:160,0
DA:161,0
DA:162,0
DA:164,0
DA:165,0
DA:167,0
DA:168,0
DA:169,0
DA:170,0
DA:171,0
DA:172,0
DA:174,0
DA:178,0
DA:179,0
DA:181,0
DA:182,0
DA:185,0
DA:186,0
DA:191,0
DA:193,0
DA:196,0
DA:198,0
DA:199,0
DA:201,0
DA:203,0
DA:210,0
DA:221,0
DA:224,0
DA:225,0
DA:227,0
DA:228,0
DA:229,0
DA:230,0
DA:231,0
DA:234,0
DA:235,0
DA:240,0
DA:241,0
DA:243,0
DA:244,0
DA:245,0
DA:246,0
DA:247,0
DA:248,0
DA:254,0
DA:255,0
DA:257,0
DA:258,0
DA:259,0
DA:260,0
DA:261,0
DA:262,0
DA:264,0
DA:265,0
DA:270,0
DA:271,0
DA:274,0
DA:277,0
DA:278,0
DA:279,0
DA:281,0
DA:284,0
DA:285,0
DA:287,0
DA:288,0
DA:293,0
DA:297,0
DA:299,0
DA:301,0
DA:303,0
DA:305,0
DA:306,0
DA:309,0
DA:310,0
DA:312,0
DA:313,0
DA:314,0
DA:316,0
DA:317,0
DA:323,0
DA:324,0
DA:327,0
DA:330,0
DA:331,0
DA:332,0
DA:333,0
DA:334,0
DA:337,0
DA:338,0
DA:343,0
DA:344,0
DA:346,0
DA:347,0
DA:351,0
DA:355,0
DA:356,0
DA:359,0
DA:361,0
DA:362,0
DA:363,0
DA:372,0
DA:381,0
DA:382,0
DA:385,0
DA:387,0
DA:388,0
DA:394,0
DA:395,0
DA:396,0
DA:397,0
DA:398,0
DA:401,0
DA:402,0
DA:409,0
DA:411,0
DA:413,0
DA:417,0
DA:418,0
DA:420,0
DA:424,0
DA:425,0
DA:427,0
DA:430,0
DA:431,0
DA:432,0
DA:433,0
DA:434,0
DA:435,0
DA:436,0
DA:445,0
DA:446,0
DA:452,0
DA:453,0
DA:454,0
DA:455,0
DA:456,0
DA:458,0
DA:459,0
DA:460,0
DA:461,0
DA:463,0
DA:464,0
DA:466,0
DA:467,0
DA:468,0
DA:469,0
DA:470,0
DA:471,0
DA:472,0
DA:474,0
DA:479,0
DA:480,0
DA:482,0
DA:484,0
DA:490,0
DA:491,0
DA:492,0
DA:493,0
DA:495,0
DA:496,0
DA:497,0
DA:498,0
DA:500,0
DA:501,0
DA:503,0
DA:509,0
DA:516,0
DA:517,0
DA:521,0
DA:522,0
DA:523,0
DA:524,0
DA:527,0
DA:528,0
DA:536,0
DA:537,0
DA:539,0
DA:541,0
DA:542,0
DA:543,0
DA:552,0
DA:553,0
DA:554,0
DA:555,0
DA:556,0
DA:562,0
DA:565,0
DA:566,0
DA:570,0
DA:571,0
DA:572,0
DA:573,0
DA:583,0
DA:584,0
DA:586,0
DA:587,0
DA:588,0
DA:589,0
DA:592,0
DA:596,0
DA:597,0
DA:600,0
DA:604,0
DA:605,0
DA:608,0
DA:616,0
DA:618,0
DA:620,0
DA:622,0
DA:636,0
DA:644,0
DA:646,0
DA:649,0
DA:652,0
DA:653,0
DA:655,0
DA:658,0
DA:659,0
DA:666,0
DA:667,0
DA:668,0
DA:670,0
DA:671,0
DA:673,0
DA:674,0
DA:675,0
DA:676,0
DA:677,0
DA:678,0
DA:681,0
DA:683,0
DA:690,0
DA:691,0
DA:692,0
DA:693,0
DA:698,0
DA:699,0
DA:700,0
DA:704,0
DA:706,0
DA:707,0
DA:710,0
DA:711,0
DA:714,0
DA:715,0
DA:717,0
DA:720,0
LF:298
LH:0
end_of_record
SF:lib/features/editor/mask_utils.dart
DA:4,0
DA:11,0
DA:12,0
DA:13,0
DA:14,0
DA:15,0
DA:16,0
DA:17,0
DA:18,0
DA:19,0
LF:10
LH:0
end_of_record
SF:lib/app.dart
DA:13,1
DA:15,2
DA:17,2
DA:19,2
LF:4
LH:4
end_of_record
SF:lib/theme/app_theme.dart
DA:4,6
DA:44,2
DA:45,2
LF:3
LH:3
end_of_record
