SF:lib/features/editor/blur_engine_mvp.dart
DA:32,0
DA:42,0
DA:43,0
DA:44,0
DA:47,0
DA:48,0
DA:54,0
DA:55,0
DA:60,0
DA:61,0
DA:63,0
DA:64,0
DA:66,0
DA:67,0
DA:72,0
DA:82,0
DA:84,0
DA:89,0
DA:90,0
DA:91,0
DA:93,0
DA:94,0
DA:96,0
DA:106,1
DA:111,1
DA:112,1
DA:115,1
DA:116,3
DA:117,2
DA:121,2
DA:122,1
DA:123,1
DA:124,4
DA:125,1
DA:127,2
DA:128,1
DA:129,3
DA:130,1
DA:136,1
DA:137,1
DA:139,1
DA:143,2
DA:144,2
DA:146,3
DA:148,3
DA:155,0
DA:162,1
DA:169,2
DA:172,2
DA:173,1
DA:174,1
DA:175,2
DA:177,2
DA:178,2
DA:179,1
DA:180,1
DA:181,5
DA:183,1
DA:184,3
DA:194,0
DA:197,0
DA:199,0
DA:201,0
DA:202,0
DA:204,0
DA:205,0
DA:206,0
DA:208,0
DA:209,0
DA:212,0
DA:215,0
DA:216,0
DA:218,0
DA:220,0
DA:221,0
DA:224,0
DA:225,0
DA:226,0
DA:228,0
DA:230,0
DA:233,0
DA:234,0
DA:236,0
DA:237,0
DA:238,0
DA:240,0
DA:241,0
DA:244,0
DA:247,0
DA:250,0
DA:257,0
DA:258,0
DA:261,0
DA:267,0
DA:270,0
DA:272,0
DA:273,0
DA:274,0
DA:276,0
DA:277,0
DA:278,0
DA:284,0
DA:294,0
DA:295,0
DA:305,4
DA:317,4
LF:106
LH:37
end_of_record
SF:lib/features/editor/blur_pipeline.dart
DA:15,5
DA:18,5
DA:23,3
DA:28,3
DA:31,3
DA:32,3
DA:34,3
DA:35,3
DA:37,3
DA:38,3
DA:44,3
DA:45,3
DA:47,6
DA:54,3
DA:58,1
DA:62,9
DA:63,6
DA:64,6
DA:65,3
DA:74,2
DA:75,1
DA:76,4
DA:79,1
DA:80,2
DA:81,1
DA:84,3
DA:85,3
DA:87,2
DA:88,3
DA:90,1
DA:94,3
DA:96,3
DA:97,3
DA:98,3
DA:99,3
DA:100,3
DA:105,1
DA:106,1
DA:107,1
DA:110,1
DA:114,3
DA:115,3
DA:120,3
DA:122,3
DA:125,3
DA:127,6
DA:128,9
DA:129,9
DA:131,3
DA:135,3
DA:136,3
DA:137,3
DA:141,3
DA:143,3
DA:144,3
DA:146,9
DA:147,9
DA:151,15
DA:152,15
DA:153,9
DA:156,6
DA:157,6
DA:158,6
DA:159,3
DA:160,3
DA:161,3
DA:162,3
DA:166,3
DA:167,3
DA:168,3
DA:169,3
DA:172,3
DA:175,15
DA:176,15
DA:177,9
LF:75
LH:75
end_of_record
SF:lib/services/image_saver_service.dart
DA:32,1
DA:39,1
DA:40,2
DA:42,2
DA:46,1
DA:49,0
DA:55,0
DA:56,0
DA:62,0
DA:63,0
DA:64,0
DA:65,0
DA:68,0
DA:69,0
DA:75,0
DA:80,0
DA:82,0
DA:85,0
DA:88,0
DA:95,0
DA:96,0
DA:100,0
DA:102,0
DA:105,0
DA:106,0
DA:108,0
DA:114,0
DA:122,1
DA:131,1
DA:132,1
DA:133,0
DA:134,0
DA:136,0
DA:138,3
DA:140,1
DA:147,0
DA:148,0
DA:149,0
DA:151,0
DA:152,0
DA:154,0
DA:157,0
DA:158,0
DA:160,0
DA:163,0
DA:169,1
DA:171,2
DA:172,1
DA:174,1
DA:175,3
DA:176,1
DA:177,1
DA:181,0
DA:183,0
DA:184,0
DA:186,0
DA:197,2
DA:199,2
DA:200,2
DA:201,0
DA:204,0
DA:205,0
DA:206,0
DA:207,0
DA:208,0
DA:210,0
DA:211,0
DA:213,0
DA:218,0
DA:220,6
DA:225,0
DA:227,0
DA:228,0
DA:229,0
DA:232,0
DA:233,0
DA:234,0
DA:235,0
DA:236,0
DA:238,0
DA:239,0
DA:248,0
DA:255,0
DA:256,0
DA:258,0
DA:259,0
DA:260,0
DA:261,0
DA:265,1
DA:268,1
DA:271,1
DA:274,1
LF:92
LH:25
end_of_record
SF:lib/services/gallery_provider.dart
DA:22,0
DA:27,2
DA:29,1
DA:33,1
DA:34,1
DA:40,1
DA:43,1
DA:44,1
DA:45,0
DA:51,0
DA:53,0
DA:54,0
DA:57,2
DA:60,2
DA:61,2
DA:64,1
DA:66,1
DA:67,1
DA:71,1
DA:73,1
DA:76,2
DA:78,2
LF:22
LH:17
end_of_record
SF:lib/features/home/home_screen.dart
DA:11,1
DA:13,1
DA:14,1
DA:21,1
DA:23,1
DA:24,1
DA:26,1
DA:27,1
DA:28,1
DA:30,1
DA:31,1
DA:32,1
DA:34,2
DA:38,1
DA:40,1
DA:44,1
DA:45,1
DA:47,1
DA:50,1
DA:51,1
DA:53,1
DA:55,1
DA:61,1
DA:62,2
DA:63,1
DA:65,1
DA:66,1
DA:67,1
DA:70,1
DA:73,1
DA:75,3
DA:76,2
DA:81,1
DA:83,3
DA:84,2
DA:92,1
DA:93,1
DA:94,1
DA:95,1
DA:98,2
DA:101,1
DA:104,0
DA:110,1
DA:115,2
DA:117,1
DA:120,1
DA:122,1
DA:123,1
DA:125,3
DA:129,1
DA:130,2
DA:131,2
DA:132,1
DA:133,1
DA:140,1
DA:141,2
DA:142,1
DA:144,1
DA:146,1
DA:147,2
DA:148,1
DA:149,1
DA:150,2
DA:153,1
DA:154,1
DA:155,1
DA:157,1
DA:161,1
DA:162,1
DA:164,3
DA:165,1
DA:174,1
DA:175,3
DA:178,2
DA:181,0
DA:183,0
DA:184,0
DA:188,0
DA:189,0
DA:194,0
DA:195,0
DA:198,0
DA:201,0
DA:203,0
DA:204,0
DA:208,0
DA:209,0
DA:214,0
DA:215,0
DA:216,0
DA:217,0
DA:222,1
DA:223,3
DA:224,1
DA:225,1
LF:95
LH:77
end_of_record
SF:lib/features/editor/editor_screen.dart
DA:14,7
DA:16,0
DA:17,0
DA:33,0
DA:34,0
DA:35,0
DA:36,0
DA:38,0
DA:39,0
DA:40,0
DA:41,0
DA:44,0
DA:47,0
DA:48,0
DA:49,0
DA:52,0
DA:55,0
DA:56,0
DA:57,0
DA:60,0
DA:62,0
DA:63,0
DA:64,0
DA:68,0
DA:69,0
DA:70,0
DA:74,0
DA:78,0
DA:79,0
DA:80,0
DA:83,0
DA:86,0
DA:89,0
DA:91,0
DA:92,0
DA:98,0
DA:100,0
DA:101,0
DA:102,0
DA:106,0
DA:110,0
DA:111,0
DA:112,0
DA:113,0
DA:114,0
DA:118,0
DA:119,0
DA:120,0
DA:123,0
DA:124,0
DA:127,0
DA:128,0
DA:135,0
DA:137,0
DA:138,0
DA:146,0
DA:147,0
DA:148,0
DA:152,0
DA:156,0
DA:157,0
DA:158,0
DA:161,0
DA:162,0
DA:164,0
DA:165,0
DA:166,0
DA:167,0
DA:168,0
DA:174,0
DA:183,0
DA:184,0
DA:185,0
DA:189,0
DA:193,0
DA:195,0
DA:196,0
DA:198,0
DA:199,0
DA:201,0
DA:205,0
DA:206,0
DA:208,0
DA:209,0
DA:210,0
DA:215,0
DA:216,0
DA:218,0
DA:225,0
DA:227,0
DA:228,0
DA:231,0
DA:234,0
DA:237,0
DA:245,0
DA:246,0
DA:248,0
DA:249,0
DA:250,0
DA:251,0
DA:252,0
DA:253,0
DA:254,0
DA:257,0
DA:260,0
DA:262,0
DA:263,0
DA:264,0
DA:265,0
DA:267,0
DA:268,0
DA:270,0
DA:271,0
DA:273,0
DA:274,0
DA:275,0
DA:276,0
DA:277,0
DA:278,0
DA:284,0
DA:285,0
DA:290,0
DA:291,0
DA:294,0
DA:295,0
DA:296,0
DA:299,0
DA:302,0
DA:305,0
DA:308,0
DA:311,0
DA:318,0
DA:319,0
DA:323,0
DA:324,0
DA:326,0
DA:328,0
DA:330,0
DA:331,0
DA:332,0
DA:333,0
DA:334,0
DA:335,0
DA:336,0
DA:339,0
DA:342,0
DA:343,0
DA:344,0
DA:347,0
DA:350,0
DA:351,0
DA:352,0
DA:355,0
DA:356,0
DA:371,0
DA:372,0
DA:373,0
DA:376,0
DA:378,0
DA:381,0
DA:383,0
DA:386,0
DA:389,0
DA:390,0
DA:391,0
DA:394,0
DA:395,0
DA:396,0
DA:399,0
DA:401,0
DA:404,0
DA:406,0
DA:409,0
DA:412,0
DA:413,0
DA:414,0
DA:418,0
DA:421,0
DA:422,0
DA:423,0
DA:437,0
DA:439,0
DA:441,0
DA:442,0
DA:443,0
DA:445,0
DA:446,0
DA:447,0
DA:448,0
DA:450,0
DA:451,0
DA:452,0
DA:453,0
DA:454,0
DA:456,0
DA:461,0
LF:196
LH:1
end_of_record
SF:lib/services/auto_detect_service.dart
DA:16,3
DA:22,3
DA:25,3
DA:27,3
DA:30,2
DA:35,9
DA:36,3
DA:44,3
DA:46,3
DA:47,3
DA:50,0
DA:52,0
DA:53,0
DA:60,3
DA:61,6
DA:66,3
DA:67,3
DA:72,0
DA:73,0
DA:78,3
DA:79,3
DA:80,1
DA:83,3
DA:84,0
DA:86,3
DA:87,3
DA:88,3
DA:89,1
DA:90,1
DA:95,3
DA:96,3
DA:99,6
DA:100,6
DA:103,9
DA:105,6
DA:106,3
DA:112,12
DA:114,2
DA:115,3
DA:116,1
DA:117,1
DA:121,2
DA:122,3
DA:123,1
DA:124,1
DA:132,1
DA:134,1
DA:135,5
DA:140,3
DA:142,3
DA:146,3
DA:151,9
DA:153,6
DA:154,6
DA:155,6
DA:156,6
DA:158,9
DA:159,9
DA:161,6
DA:162,6
DA:163,9
DA:166,3
DA:169,6
DA:173,6
DA:177,3
DA:179,6
DA:183,2
DA:186,2
LF:68
LH:62
end_of_record
SF:lib/features/editor/painter_mask.dart
DA:9,0
DA:10,0
DA:11,0
DA:12,0
DA:15,0
DA:16,0
DA:17,0
DA:18,0
DA:22,0
DA:23,0
DA:24,0
DA:25,0
DA:26,0
DA:30,0
DA:31,0
DA:32,0
DA:38,0
DA:41,0
DA:42,0
DA:43,0
DA:44,0
DA:48,0
DA:49,0
DA:50,0
DA:54,0
DA:58,0
DA:59,0
DA:64,0
DA:77,0
LF:29
LH:0
end_of_record
SF:lib/services/image_picker_service.dart
DA:10,3
DA:11,2
DA:12,1
DA:17,1
DA:20,1
DA:22,0
DA:26,0
DA:35,0
DA:37,0
DA:43,0
DA:46,0
DA:48,0
DA:52,0
DA:61,0
DA:63,0
DA:69,1
DA:70,1
DA:72,0
DA:76,0
DA:77,0
DA:78,0
DA:86,0
DA:88,0
DA:90,0
DA:91,0
DA:92,0
DA:96,0
DA:97,0
DA:98,0
DA:101,0
DA:102,0
DA:103,0
DA:104,0
LF:33
LH:7
end_of_record
SF:lib/settings/privacy_settings_screen.dart
DA:5,10
DA:7,2
DA:8,2
DA:15,2
DA:17,2
DA:19,2
DA:20,2
DA:22,4
DA:24,2
DA:26,2
DA:28,2
DA:29,2
DA:31,2
DA:33,2
DA:40,2
DA:41,2
DA:43,2
DA:44,2
DA:46,6
DA:47,4
DA:52,2
DA:54,2
DA:55,6
DA:56,2
DA:57,2
DA:58,6
DA:61,2
DA:62,2
DA:63,2
DA:64,2
DA:65,2
DA:67,4
DA:71,2
DA:72,2
DA:74,6
DA:82,2
DA:87,6
DA:88,4
DA:95,2
DA:97,2
DA:98,0
DA:99,0
DA:110,2
DA:111,2
DA:113,2
DA:114,2
DA:116,6
DA:117,4
DA:122,2
DA:126,2
DA:133,4
DA:136,2
DA:142,2
DA:148,2
DA:149,2
DA:151,2
DA:152,2
DA:154,6
DA:155,4
DA:166,2
DA:171,0
DA:177,1
DA:178,3
DA:181,1
DA:183,1
DA:184,3
DA:192,0
DA:193,0
DA:194,0
DA:198,1
DA:199,3
DA:204,1
DA:205,1
DA:206,1
DA:207,2
DA:215,1
DA:216,1
DA:217,3
DA:225,0
DA:226,0
DA:227,0
DA:228,0
DA:243,0
DA:244,0
DA:245,0
LF:85
LH:72
end_of_record
SF:lib/native/hybrid_blur_bindings.dart
DA:20,1
DA:26,1
DA:30,0
DA:32,2
DA:37,0
DA:44,2
DA:46,2
DA:49,3
DA:50,1
DA:55,1
DA:62,1
DA:63,1
DA:66,0
DA:67,0
DA:68,0
DA:73,1
DA:77,1
DA:79,1
DA:83,2
DA:84,1
DA:87,0
DA:93,0
DA:98,0
DA:100,0
DA:107,0
DA:113,0
DA:115,0
DA:117,0
DA:121,0
DA:127,0
DA:133,1
DA:135,1
DA:138,0
DA:144,1
DA:146,1
DA:149,0
DA:155,1
DA:161,1
DA:163,1
DA:171,0
DA:177,1
DA:184,1
DA:186,1
DA:195,0
DA:201,1
DA:207,1
DA:209,1
DA:222,0
DA:231,0
DA:233,0
DA:243,0
DA:249,0
DA:256,0
DA:258,0
DA:267,0
DA:273,0
DA:280,0
DA:282,0
DA:291,0
DA:297,0
DA:304,0
DA:306,0
DA:315,0
DA:321,0
DA:336,0
DA:344,0
DA:345,0
DA:350,0
DA:357,0
DA:358,0
DA:362,0
DA:369,0
DA:370,0
DA:374,0
DA:381,0
DA:382,0
DA:387,0
DA:393,2
DA:395,2
DA:398,2
DA:400,0
DA:409,1
DA:417,1
DA:418,0
DA:424,0
DA:430,2
DA:431,1
DA:436,0
DA:442,0
DA:444,0
DA:446,0
DA:449,0
DA:453,0
DA:459,0
DA:460,0
DA:469,1
DA:470,1
DA:471,1
DA:472,1
DA:473,1
DA:475,1
DA:479,0
DA:491,1
DA:498,1
DA:499,1
DA:501,1
DA:502,1
DA:505,0
DA:506,0
DA:508,0
DA:509,0
DA:511,0
DA:512,0
DA:514,0
DA:515,0
DA:516,0
DA:518,1
DA:519,1
DA:520,0
DA:522,0
DA:524,0
LF:121
LH:48
end_of_record
SF:lib/features/home/home_screen_mvp.dart
DA:15,3
DA:17,3
DA:18,3
DA:25,1
DA:27,2
DA:35,0
DA:37,0
DA:38,0
DA:39,0
DA:40,0
DA:42,0
DA:49,0
DA:50,0
DA:51,0
DA:52,0
DA:58,3
DA:60,3
DA:62,3
DA:65,3
DA:66,3
DA:68,1
DA:69,2
DA:70,1
DA:71,1
DA:78,3
DA:79,3
DA:81,3
DA:84,3
DA:117,3
DA:120,3
DA:125,2
DA:131,3
DA:134,3
DA:139,0
DA:145,3
DA:147,3
DA:148,3
DA:149,3
LF:38
LH:27
end_of_record
SF:lib/features/editor/editor_screen_mvp.dart
DA:22,0
DA:28,0
DA:29,0
DA:54,0
DA:56,0
DA:57,0
DA:60,0
DA:62,0
DA:63,0
DA:64,0
DA:67,0
DA:69,0
DA:70,0
DA:71,0
DA:73,0
DA:74,0
DA:77,0
DA:78,0
DA:80,0
DA:81,0
DA:82,0
DA:83,0
DA:89,0
DA:90,0
DA:92,0
DA:93,0
DA:98,0
DA:101,0
DA:105,0
DA:106,0
DA:108,0
DA:109,0
DA:115,0
DA:116,0
DA:117,0
DA:119,0
DA:120,0
DA:121,0
DA:125,0
DA:127,0
DA:128,0
DA:133,0
DA:134,0
DA:136,0
DA:137,0
DA:142,0
DA:143,0
DA:144,0
DA:146,0
DA:160,0
DA:161,0
DA:162,0
DA:163,0
DA:165,0
DA:166,0
DA:168,0
DA:169,0
DA:170,0
DA:171,0
DA:172,0
DA:174,0
DA:175,0
DA:176,0
DA:178,0
DA:182,0
DA:183,0
DA:185,0
DA:186,0
DA:189,0
DA:190,0
DA:195,0
DA:197,0
DA:200,0
DA:202,0
DA:203,0
DA:205,0
DA:207,0
DA:214,0
DA:224,0
DA:227,0
DA:228,0
DA:230,0
DA:231,0
DA:232,0
DA:233,0
DA:237,0
DA:238,0
DA:243,0
DA:244,0
DA:246,0
DA:247,0
DA:248,0
DA:249,0
DA:250,0
DA:255,0
DA:256,0
DA:258,0
DA:259,0
DA:260,0
DA:261,0
DA:262,0
DA:263,0
DA:265,0
DA:266,0
DA:271,0
DA:272,0
DA:275,0
DA:278,0
DA:279,0
DA:280,0
DA:282,0
DA:285,0
DA:286,0
DA:288,0
DA:289,0
DA:293,0
DA:294,0
DA:301,0
DA:305,0
DA:311,0
DA:312,0
DA:315,0
DA:318,0
DA:319,0
DA:320,0
DA:321,0
DA:325,0
DA:326,0
DA:331,0
DA:333,0
DA:335,0
DA:339,0
DA:340,0
DA:342,0
DA:346,0
DA:347,0
DA:349,0
DA:350,0
DA:354,0
DA:355,0
DA:356,0
DA:357,0
DA:358,0
DA:359,0
DA:360,0
DA:369,0
DA:370,0
DA:376,0
DA:377,0
DA:378,0
DA:379,0
DA:380,0
DA:382,0
DA:383,0
DA:384,0
DA:385,0
DA:387,0
DA:388,0
DA:390,0
DA:391,0
DA:392,0
DA:393,0
DA:394,0
DA:395,0
DA:396,0
DA:398,0
DA:403,0
DA:404,0
DA:406,0
DA:408,0
DA:414,0
DA:415,0
DA:416,0
DA:417,0
DA:419,0
DA:420,0
DA:421,0
DA:422,0
DA:424,0
DA:425,0
DA:427,0
DA:433,0
DA:440,0
DA:441,0
DA:445,0
DA:446,0
DA:447,0
DA:448,0
DA:451,0
DA:452,0
DA:460,0
DA:461,0
DA:463,0
DA:465,0
DA:466,0
DA:467,0
DA:474,0
DA:475,0
DA:476,0
DA:477,0
DA:478,0
DA:484,0
DA:490,0
DA:491,0
DA:495,0
DA:496,0
DA:497,0
DA:498,0
DA:508,0
DA:509,0
DA:511,0
DA:512,0
DA:513,0
DA:514,0
DA:517,0
DA:521,0
DA:522,0
DA:525,0
DA:533,0
DA:535,0
DA:537,0
DA:539,0
DA:553,0
DA:561,0
DA:563,0
DA:566,0
DA:569,0
DA:570,0
DA:572,0
DA:573,0
DA:579,0
DA:580,0
DA:581,0
DA:583,0
DA:584,0
DA:586,0
DA:587,0
DA:588,0
DA:589,0
DA:590,0
DA:591,0
DA:594,0
DA:596,0
DA:603,0
DA:604,0
DA:605,0
DA:606,0
DA:611,0
DA:612,0
DA:613,0
DA:617,0
DA:619,0
DA:620,0
DA:623,0
DA:624,0
DA:627,0
DA:628,0
DA:630,0
DA:633,0
LF:259
LH:0
end_of_record
SF:lib/app.dart
DA:13,2
DA:15,2
DA:17,2
DA:19,2
LF:4
LH:4
end_of_record
SF:lib/theme/app_theme.dart
DA:4,6
DA:35,2
DA:36,2
LF:3
LH:3
end_of_record
